{"timestamp":"2025-11-27T09:04:54.527Z","level":"error","service":"unknown","message":"Failed to connect Kafka Admin: Connection error: ","name":"KafkaJSNumberOfRetriesExceeded","retriable":false,"retryCount":8,"retryTime":30000,"stack":"KafkaJSNonRetriableError\n  Caused by: KafkaJSConnectionError: Connection error: \n    at Socket.onError (C:\\Users\\ALPHA\\Desktop\\auth\\shared\\node_modules\\kafkajs\\src\\network\\connection.js:210:23)\n    at Socket.emit (node:events:518:28)\n    at emitErrorNT (node:internal/streams/destroy:170:8)\n    at emitErrorCloseNT (node:internal/streams/destroy:129:3)\n    at process.processTicksAndRejections (node:internal/process/task_queues:90:21)","cause":{"name":"KafkaJSConnectionError","retriable":true,"broker":"localhost:9092","code":"ECONNREFUSED"}}
{"timestamp":"2025-11-27T09:09:37.789Z","level":"info","service":"unknown","message":"Kafka is disabled - skipping connection"}
{"timestamp":"2025-11-27T09:09:37.795Z","level":"warn","service":"unknown","message":"Kafka not available - skipping topic creation"}
{"timestamp":"2025-11-27T09:09:37.796Z","level":"info","service":"unknown","message":"All services initialized successfully"}
{"timestamp":"2025-11-27T09:09:37.800Z","level":"info","service":"unknown","message":"User Service running on port 3001"}
{"timestamp":"2025-11-27T09:09:44.560Z","level":"info","service":"unknown","message":"::1 - - [27/Nov/2025:09:09:44 +0000] \"GET /health HTTP/1.1\" 200 79 \"-\" \"PostmanRuntime/7.39.1\""}
{"timestamp":"2025-11-27T09:12:18.896Z","level":"info","service":"unknown","message":"Kafka is disabled - skipping connection"}
{"timestamp":"2025-11-27T09:12:18.908Z","level":"warn","service":"unknown","message":"Kafka not available - skipping topic creation"}
{"timestamp":"2025-11-27T09:12:18.910Z","level":"info","service":"unknown","message":"All services initialized successfully"}
{"timestamp":"2025-11-27T09:12:18.916Z","level":"info","service":"unknown","message":"User Service running on port 3001"}
{"timestamp":"2025-11-27T09:12:25.318Z","level":"info","service":"unknown","message":"Kafka is disabled - skipping connection"}
{"timestamp":"2025-11-27T09:12:25.325Z","level":"warn","service":"unknown","message":"Kafka not available - skipping topic creation"}
{"timestamp":"2025-11-27T09:12:25.326Z","level":"info","service":"unknown","message":"All services initialized successfully"}
{"timestamp":"2025-11-27T09:12:25.330Z","level":"info","service":"unknown","message":"User Service running on port 3001"}
{"timestamp":"2025-11-27T09:12:43.755Z","level":"info","service":"unknown","message":"Kafka is disabled - skipping connection"}
{"timestamp":"2025-11-27T09:12:43.760Z","level":"warn","service":"unknown","message":"Kafka not available - skipping topic creation"}
{"timestamp":"2025-11-27T09:12:43.761Z","level":"info","service":"unknown","message":"All services initialized successfully"}
{"timestamp":"2025-11-27T09:12:43.765Z","level":"info","service":"unknown","message":"User Service running on port 3001"}
{"timestamp":"2025-11-27T09:12:49.520Z","level":"info","service":"unknown","message":"::1 - - [27/Nov/2025:09:12:49 +0000] \"POST /api/users/registre HTTP/1.1\" 404 158 \"-\" \"PostmanRuntime/7.39.1\""}
{"timestamp":"2025-11-27T09:13:28.841Z","level":"info","service":"unknown","message":"::1 - - [27/Nov/2025:09:13:28 +0000] \"POST /api/users/register HTTP/1.1\" 404 158 \"-\" \"PostmanRuntime/7.39.1\""}
{"timestamp":"2025-11-27T09:13:34.001Z","level":"info","service":"unknown","message":"::1 - - [27/Nov/2025:09:13:34 +0000] \"POST /users/register HTTP/1.1\" 200 74 \"-\" \"PostmanRuntime/7.39.1\""}
{"timestamp":"2025-11-27T09:19:43.626Z","level":"info","service":"unknown","message":"Kafka is disabled - skipping connection"}
{"timestamp":"2025-11-27T09:19:43.639Z","level":"warn","service":"unknown","message":"Kafka not available - skipping topic creation"}
{"timestamp":"2025-11-27T09:19:43.644Z","level":"info","service":"unknown","message":"All services initialized successfully"}
{"timestamp":"2025-11-27T09:19:43.661Z","level":"info","service":"unknown","message":"User Service running on port 3001"}
{"timestamp":"2025-11-27T09:19:45.914Z","level":"info","service":"unknown","message":"Kafka is disabled - skipping connection"}
{"timestamp":"2025-11-27T09:19:45.920Z","level":"warn","service":"unknown","message":"Kafka not available - skipping topic creation"}
{"timestamp":"2025-11-27T09:19:45.921Z","level":"info","service":"unknown","message":"All services initialized successfully"}
{"timestamp":"2025-11-27T09:19:45.925Z","level":"info","service":"unknown","message":"User Service running on port 3001"}
{"timestamp":"2025-11-27T09:19:47.146Z","level":"info","service":"unknown","message":"::1 - - [27/Nov/2025:09:19:47 +0000] \"POST /users/register HTTP/1.1\" 200 74 \"-\" \"PostmanRuntime/7.39.1\""}
{"timestamp":"2025-11-27T09:21:07.535Z","level":"info","service":"unknown","message":"Kafka is disabled - skipping connection"}
{"timestamp":"2025-11-27T09:21:07.542Z","level":"warn","service":"unknown","message":"Kafka not available - skipping topic creation"}
{"timestamp":"2025-11-27T09:21:07.544Z","level":"info","service":"unknown","message":"All services initialized successfully"}
{"timestamp":"2025-11-27T09:21:07.551Z","level":"info","service":"unknown","message":"User Service running on port 3001"}
{"timestamp":"2025-11-27T09:21:12.001Z","level":"info","service":"unknown","message":"::1 - - [27/Nov/2025:09:21:12 +0000] \"POST /users/register HTTP/1.1\" 200 74 \"-\" \"PostmanRuntime/7.39.1\""}
{"timestamp":"2025-11-27T09:21:59.536Z","level":"info","service":"unknown","message":"Kafka is disabled - skipping connection"}
{"timestamp":"2025-11-27T09:21:59.542Z","level":"warn","service":"unknown","message":"Kafka not available - skipping topic creation"}
{"timestamp":"2025-11-27T09:21:59.543Z","level":"info","service":"unknown","message":"All services initialized successfully"}
{"timestamp":"2025-11-27T09:21:59.550Z","level":"info","service":"unknown","message":"User Service running on port 3001"}
{"timestamp":"2025-11-27T09:22:19.839Z","level":"info","service":"unknown","message":"Kafka is disabled - skipping connection"}
{"timestamp":"2025-11-27T09:22:19.844Z","level":"warn","service":"unknown","message":"Kafka not available - skipping topic creation"}
{"timestamp":"2025-11-27T09:22:19.845Z","level":"info","service":"unknown","message":"All services initialized successfully"}
{"timestamp":"2025-11-27T09:22:19.850Z","level":"info","service":"unknown","message":"User Service running on port 3001"}
{"timestamp":"2025-11-27T09:22:20.320Z","level":"info","service":"unknown","message":"::1 - - [27/Nov/2025:09:22:20 +0000] \"POST /users/register HTTP/1.1\" 200 74 \"-\" \"PostmanRuntime/7.39.1\""}
{"timestamp":"2025-11-27T09:25:03.867Z","level":"info","service":"unknown","message":"Kafka is disabled - skipping connection"}
{"timestamp":"2025-11-27T09:25:03.872Z","level":"warn","service":"unknown","message":"Kafka not available - skipping topic creation"}
{"timestamp":"2025-11-27T09:25:03.873Z","level":"info","service":"unknown","message":"All services initialized successfully"}
{"timestamp":"2025-11-27T09:25:03.878Z","level":"info","service":"unknown","message":"User Service running on port 3001"}
{"timestamp":"2025-11-27T09:25:07.945Z","level":"info","service":"unknown","message":"::1 - - [27/Nov/2025:09:25:07 +0000] \"POST /users/register HTTP/1.1\" 200 74 \"-\" \"PostmanRuntime/7.39.1\""}
{"timestamp":"2025-11-27T09:25:48.449Z","level":"info","service":"unknown","message":"Kafka is disabled - skipping connection"}
{"timestamp":"2025-11-27T09:25:48.462Z","level":"warn","service":"unknown","message":"Kafka not available - skipping topic creation"}
{"timestamp":"2025-11-27T09:25:48.464Z","level":"info","service":"unknown","message":"All services initialized successfully"}
{"timestamp":"2025-11-27T09:25:48.477Z","level":"info","service":"unknown","message":"User Service running on port 3001"}
{"timestamp":"2025-11-27T09:28:04.824Z","level":"info","service":"unknown","message":"Kafka is disabled - skipping connection"}
{"timestamp":"2025-11-27T09:28:04.830Z","level":"warn","service":"unknown","message":"Kafka not available - skipping topic creation"}
{"timestamp":"2025-11-27T09:28:04.831Z","level":"info","service":"unknown","message":"All services initialized successfully"}
{"timestamp":"2025-11-27T09:28:04.836Z","level":"info","service":"unknown","message":"User Service running on port 3001"}
{"timestamp":"2025-11-27T09:28:08.316Z","level":"error","service":"unknown","message":"Error: User is not defined","stack":"ReferenceError: User is not defined\n    at exports.signUp (C:\\Users\\ALPHA\\Desktop\\auth\\services\\user-service\\src\\controller\\auth.controller.js:16:25)\n    at Layer.handleRequest (C:\\Users\\ALPHA\\Desktop\\auth\\services\\user-service\\node_modules\\router\\lib\\layer.js:152:17)\n    at next (C:\\Users\\ALPHA\\Desktop\\auth\\services\\user-service\\node_modules\\router\\lib\\route.js:157:13)\n    at Route.dispatch (C:\\Users\\ALPHA\\Desktop\\auth\\services\\user-service\\node_modules\\router\\lib\\route.js:117:3)\n    at handle (C:\\Users\\ALPHA\\Desktop\\auth\\services\\user-service\\node_modules\\router\\index.js:435:11)\n    at Layer.handleRequest (C:\\Users\\ALPHA\\Desktop\\auth\\services\\user-service\\node_modules\\router\\lib\\layer.js:152:17)\n    at C:\\Users\\ALPHA\\Desktop\\auth\\services\\user-service\\node_modules\\router\\index.js:295:15\n    at processParams (C:\\Users\\ALPHA\\Desktop\\auth\\services\\user-service\\node_modules\\router\\index.js:582:12)\n    at next (C:\\Users\\ALPHA\\Desktop\\auth\\services\\user-service\\node_modules\\router\\index.js:291:5)\n    at Function.handle (C:\\Users\\ALPHA\\Desktop\\auth\\services\\user-service\\node_modules\\router\\index.js:186:3)","path":"/users/register","method":"POST"}
{"timestamp":"2025-11-27T09:28:08.322Z","level":"info","service":"unknown","message":"::1 - - [27/Nov/2025:09:28:08 +0000] \"POST /users/register HTTP/1.1\" 500 47 \"-\" \"PostmanRuntime/7.39.1\""}
{"timestamp":"2025-11-27T09:28:43.150Z","level":"info","service":"unknown","message":"Kafka is disabled - skipping connection"}
{"timestamp":"2025-11-27T09:28:43.159Z","level":"warn","service":"unknown","message":"Kafka not available - skipping topic creation"}
{"timestamp":"2025-11-27T09:28:43.163Z","level":"info","service":"unknown","message":"All services initialized successfully"}
{"timestamp":"2025-11-27T09:28:43.172Z","level":"info","service":"unknown","message":"User Service running on port 3001"}
{"timestamp":"2025-11-27T09:28:54.116Z","level":"info","service":"unknown","message":"Kafka is disabled - skipping connection"}
{"timestamp":"2025-11-27T09:28:54.123Z","level":"warn","service":"unknown","message":"Kafka not available - skipping topic creation"}
{"timestamp":"2025-11-27T09:28:54.123Z","level":"info","service":"unknown","message":"All services initialized successfully"}
{"timestamp":"2025-11-27T09:28:54.128Z","level":"info","service":"unknown","message":"User Service running on port 3001"}
{"timestamp":"2025-11-27T09:28:58.061Z","level":"info","service":"unknown","message":"Kafka is disabled - skipping connection"}
{"timestamp":"2025-11-27T09:28:58.075Z","level":"warn","service":"unknown","message":"Kafka not available - skipping topic creation"}
{"timestamp":"2025-11-27T09:28:58.077Z","level":"info","service":"unknown","message":"All services initialized successfully"}
{"timestamp":"2025-11-27T09:28:58.089Z","level":"info","service":"unknown","message":"User Service running on port 3001"}
{"timestamp":"2025-11-27T09:29:04.257Z","level":"info","service":"unknown","message":"Kafka is disabled - skipping connection"}
{"timestamp":"2025-11-27T09:29:04.263Z","level":"warn","service":"unknown","message":"Kafka not available - skipping topic creation"}
{"timestamp":"2025-11-27T09:29:04.264Z","level":"info","service":"unknown","message":"All services initialized successfully"}
{"timestamp":"2025-11-27T09:29:04.269Z","level":"info","service":"unknown","message":"User Service running on port 3001"}
{"timestamp":"2025-11-27T09:29:36.051Z","level":"error","service":"unknown","message":"Error: Expected double-quoted property name in JSON at position 70 (line 5 column 1)","stack":"SyntaxError: Expected double-quoted property name in JSON at position 70 (line 5 column 1)\n    at JSON.parse (<anonymous>)\n    at parse (C:\\Users\\ALPHA\\Desktop\\auth\\services\\user-service\\node_modules\\body-parser\\lib\\types\\json.js:74:19)\n    at C:\\Users\\ALPHA\\Desktop\\auth\\services\\user-service\\node_modules\\body-parser\\lib\\read.js:163:18\n    at AsyncResource.runInAsyncScope (node:async_hooks:214:14)\n    at invokeCallback (C:\\Users\\ALPHA\\Desktop\\auth\\services\\user-service\\node_modules\\raw-body\\index.js:238:16)\n    at done (C:\\Users\\ALPHA\\Desktop\\auth\\services\\user-service\\node_modules\\raw-body\\index.js:227:7)\n    at IncomingMessage.onEnd (C:\\Users\\ALPHA\\Desktop\\auth\\services\\user-service\\node_modules\\raw-body\\index.js:287:7)\n    at IncomingMessage.emit (node:events:518:28)\n    at endReadableNT (node:internal/streams/readable:1698:12)\n    at process.processTicksAndRejections (node:internal/process/task_queues:90:21)","path":"/users/register","method":"POST"}
{"timestamp":"2025-11-27T09:29:55.534Z","level":"error","service":"unknown","message":"Error: User is not defined","stack":"ReferenceError: User is not defined\n    at exports.signUp (C:\\Users\\ALPHA\\Desktop\\auth\\services\\user-service\\src\\controller\\auth.controller.js:16:25)\n    at Layer.handleRequest (C:\\Users\\ALPHA\\Desktop\\auth\\services\\user-service\\node_modules\\router\\lib\\layer.js:152:17)\n    at next (C:\\Users\\ALPHA\\Desktop\\auth\\services\\user-service\\node_modules\\router\\lib\\route.js:157:13)\n    at Route.dispatch (C:\\Users\\ALPHA\\Desktop\\auth\\services\\user-service\\node_modules\\router\\lib\\route.js:117:3)\n    at handle (C:\\Users\\ALPHA\\Desktop\\auth\\services\\user-service\\node_modules\\router\\index.js:435:11)\n    at Layer.handleRequest (C:\\Users\\ALPHA\\Desktop\\auth\\services\\user-service\\node_modules\\router\\lib\\layer.js:152:17)\n    at C:\\Users\\ALPHA\\Desktop\\auth\\services\\user-service\\node_modules\\router\\index.js:295:15\n    at processParams (C:\\Users\\ALPHA\\Desktop\\auth\\services\\user-service\\node_modules\\router\\index.js:582:12)\n    at next (C:\\Users\\ALPHA\\Desktop\\auth\\services\\user-service\\node_modules\\router\\index.js:291:5)\n    at Function.handle (C:\\Users\\ALPHA\\Desktop\\auth\\services\\user-service\\node_modules\\router\\index.js:186:3)","path":"/users/register","method":"POST"}
{"timestamp":"2025-11-27T09:29:55.537Z","level":"info","service":"unknown","message":"::1 - - [27/Nov/2025:09:29:55 +0000] \"POST /users/register HTTP/1.1\" 500 47 \"-\" \"PostmanRuntime/7.39.1\""}
{"timestamp":"2025-11-27T09:31:43.442Z","level":"error","service":"unknown","message":"Failed to connect Kafka Admin: Connection error: ","name":"KafkaJSNumberOfRetriesExceeded","retriable":false,"retryCount":8,"retryTime":23190,"stack":"KafkaJSNonRetriableError\n  Caused by: KafkaJSConnectionError: Connection error: \n    at Socket.onError (C:\\Users\\ALPHA\\Desktop\\auth\\shared\\node_modules\\kafkajs\\src\\network\\connection.js:210:23)\n    at Socket.emit (node:events:518:28)\n    at emitErrorNT (node:internal/streams/destroy:170:8)\n    at emitErrorCloseNT (node:internal/streams/destroy:129:3)\n    at process.processTicksAndRejections (node:internal/process/task_queues:90:21)","cause":{"name":"KafkaJSConnectionError","retriable":true,"broker":"localhost:9092","code":"ECONNREFUSED"}}
{"timestamp":"2025-11-27T09:31:43.447Z","level":"warn","service":"unknown","message":"Service will continue without Kafka"}
{"timestamp":"2025-11-27T09:31:48.172Z","level":"info","service":"unknown","message":"Kafka is disabled - skipping connection"}
{"timestamp":"2025-11-27T09:31:48.178Z","level":"warn","service":"unknown","message":"Kafka not available - skipping topic creation"}
{"timestamp":"2025-11-27T09:31:48.179Z","level":"info","service":"unknown","message":"All services initialized successfully"}
{"timestamp":"2025-11-27T09:31:48.183Z","level":"info","service":"unknown","message":"User Service running on port 3001"}
{"timestamp":"2025-11-27T09:31:58.809Z","level":"error","service":"unknown","message":"Error: Operation `users.insertOne()` buffering timed out after 10000ms","stack":"MongooseError: Operation `users.insertOne()` buffering timed out after 10000ms\n    at Timeout.<anonymous> (C:\\Users\\ALPHA\\Desktop\\auth\\services\\user-service\\node_modules\\mongoose\\lib\\drivers\\node-mongodb-native\\collection.js:187:23)\n    at listOnTimeout (node:internal/timers:588:17)\n    at process.processTimers (node:internal/timers:523:7)","path":"/users/register","method":"POST"}
{"timestamp":"2025-11-27T09:31:58.820Z","level":"info","service":"unknown","message":"::1 - - [27/Nov/2025:09:31:58 +0000] \"POST /users/register HTTP/1.1\" 500 91 \"-\" \"PostmanRuntime/7.39.1\""}
{"timestamp":"2025-11-27T09:33:28.255Z","level":"error","service":"unknown","message":"Error: Operation `users.insertOne()` buffering timed out after 10000ms","stack":"MongooseError: Operation `users.insertOne()` buffering timed out after 10000ms\n    at Timeout.<anonymous> (C:\\Users\\ALPHA\\Desktop\\auth\\services\\user-service\\node_modules\\mongoose\\lib\\drivers\\node-mongodb-native\\collection.js:187:23)\n    at listOnTimeout (node:internal/timers:588:17)\n    at process.processTimers (node:internal/timers:523:7)","path":"/users/register","method":"POST"}
{"timestamp":"2025-11-27T09:33:28.260Z","level":"info","service":"unknown","message":"::1 - - [27/Nov/2025:09:33:28 +0000] \"POST /users/register HTTP/1.1\" 500 91 \"-\" \"PostmanRuntime/7.39.1\""}
{"timestamp":"2025-11-27T09:33:34.485Z","level":"info","service":"unknown","message":"Shutting down gracefully..."}
{"timestamp":"2025-11-27T09:33:41.192Z","level":"info","service":"unknown","message":"Kafka is disabled - skipping connection"}
{"timestamp":"2025-11-27T09:33:41.199Z","level":"warn","service":"unknown","message":"Kafka not available - skipping topic creation"}
{"timestamp":"2025-11-27T09:33:41.200Z","level":"info","service":"unknown","message":"All services initialized successfully"}
{"timestamp":"2025-11-27T09:33:41.204Z","level":"info","service":"unknown","message":"User Service running on port 3001"}
{"timestamp":"2025-11-27T09:33:52.725Z","level":"error","service":"unknown","message":"Error: Operation `users.insertOne()` buffering timed out after 10000ms","stack":"MongooseError: Operation `users.insertOne()` buffering timed out after 10000ms\n    at Timeout.<anonymous> (C:\\Users\\ALPHA\\Desktop\\auth\\services\\user-service\\node_modules\\mongoose\\lib\\drivers\\node-mongodb-native\\collection.js:187:23)\n    at listOnTimeout (node:internal/timers:588:17)\n    at process.processTimers (node:internal/timers:523:7)","path":"/users/register","method":"POST"}
{"timestamp":"2025-11-27T09:33:52.732Z","level":"info","service":"unknown","message":"::1 - - [27/Nov/2025:09:33:52 +0000] \"POST /users/register HTTP/1.1\" 500 91 \"-\" \"PostmanRuntime/7.39.1\""}
{"timestamp":"2025-11-27T09:34:06.694Z","level":"info","service":"unknown","message":"Shutting down gracefully..."}
{"timestamp":"2025-11-27T09:34:12.090Z","level":"info","service":"unknown","message":"Kafka is disabled - skipping connection"}
{"timestamp":"2025-11-27T09:34:12.095Z","level":"warn","service":"unknown","message":"Kafka not available - skipping topic creation"}
{"timestamp":"2025-11-27T09:34:12.096Z","level":"info","service":"unknown","message":"All services initialized successfully"}
{"timestamp":"2025-11-27T09:34:12.100Z","level":"info","service":"unknown","message":"User Service running on port 3001"}
{"timestamp":"2025-11-27T09:34:24.200Z","level":"error","service":"unknown","message":"Error: Operation `users.insertOne()` buffering timed out after 10000ms","stack":"MongooseError: Operation `users.insertOne()` buffering timed out after 10000ms\n    at Timeout.<anonymous> (C:\\Users\\ALPHA\\Desktop\\auth\\services\\user-service\\node_modules\\mongoose\\lib\\drivers\\node-mongodb-native\\collection.js:187:23)\n    at listOnTimeout (node:internal/timers:588:17)\n    at process.processTimers (node:internal/timers:523:7)","path":"/users/register","method":"POST"}
{"timestamp":"2025-11-27T09:34:24.212Z","level":"info","service":"unknown","message":"::1 - - [27/Nov/2025:09:34:24 +0000] \"POST /users/register HTTP/1.1\" 500 91 \"-\" \"PostmanRuntime/7.39.1\""}
{"timestamp":"2025-11-27T09:37:17.284Z","level":"info","service":"unknown","message":"Shutting down gracefully..."}
{"timestamp":"2025-11-27T09:37:23.225Z","level":"info","service":"unknown","message":"Kafka is disabled - skipping connection"}
{"timestamp":"2025-11-27T09:37:23.234Z","level":"warn","service":"unknown","message":"Kafka not available - skipping topic creation"}
{"timestamp":"2025-11-27T09:37:23.235Z","level":"info","service":"unknown","message":"All services initialized successfully"}
{"timestamp":"2025-11-27T09:37:23.240Z","level":"info","service":"unknown","message":"User Service running on port 3001"}
{"timestamp":"2025-11-27T09:37:35.575Z","level":"error","service":"unknown","message":"Error: Operation `users.insertOne()` buffering timed out after 10000ms","stack":"MongooseError: Operation `users.insertOne()` buffering timed out after 10000ms\n    at Timeout.<anonymous> (C:\\Users\\ALPHA\\Desktop\\auth\\services\\user-service\\node_modules\\mongoose\\lib\\drivers\\node-mongodb-native\\collection.js:187:23)\n    at listOnTimeout (node:internal/timers:588:17)\n    at process.processTimers (node:internal/timers:523:7)","path":"/users/register","method":"POST"}
{"timestamp":"2025-11-27T09:37:35.585Z","level":"info","service":"unknown","message":"::1 - - [27/Nov/2025:09:37:35 +0000] \"POST /users/register HTTP/1.1\" 500 91 \"-\" \"PostmanRuntime/7.39.1\""}
{"timestamp":"2025-11-27T09:38:50.713Z","level":"info","service":"unknown","message":"Kafka is disabled - skipping connection"}
{"timestamp":"2025-11-27T09:38:50.719Z","level":"warn","service":"unknown","message":"Kafka not available - skipping topic creation"}
{"timestamp":"2025-11-27T09:38:50.720Z","level":"info","service":"unknown","message":"All services initialized successfully"}
{"timestamp":"2025-11-27T09:38:50.726Z","level":"info","service":"unknown","message":"User Service running on port 3001"}
{"timestamp":"2025-11-27T09:47:54.836Z","level":"info","service":"unknown","message":"Kafka is disabled - skipping connection"}
{"timestamp":"2025-11-27T09:47:54.845Z","level":"warn","service":"unknown","message":"Kafka not available - skipping topic creation"}
{"timestamp":"2025-11-27T09:47:54.846Z","level":"info","service":"unknown","message":"All services initialized successfully"}
{"timestamp":"2025-11-27T09:47:54.849Z","level":"info","service":"unknown","message":"User Service running on port 3001"}
{"timestamp":"2025-11-27T09:47:57.223Z","level":"info","service":"unknown","message":"MongoDB Connected: ac-90icupt-shard-00-02.1cex0mm.mongodb.net"}
{"timestamp":"2025-11-27T09:48:03.166Z","level":"info","service":"unknown","message":"::1 - - [27/Nov/2025:09:48:03 +0000] \"POST /users/register HTTP/1.1\" 200 74 \"-\" \"PostmanRuntime/7.39.1\""}
